00:00:00.000094 main     VirtualBox XPCOM Server 6.0.8 r130347 linux.amd64 (May 15 2019 09:04:27) release log
00:00:00.000095 main     Log opened 2019-06-11T11:45:32.814205000Z
00:00:00.000096 main     Build Type: release
00:00:00.000097 main     OS Product: Linux
00:00:00.000097 main     OS Release: 5.1.4-arch1-1-ARCH
00:00:00.000098 main     OS Version: #1 SMP PREEMPT Wed May 22 08:06:56 UTC 2019
00:00:00.000109 main     DMI Product Name: N8xEJEK                         
00:00:00.000113 main     DMI Product Version: Not Applicable                  
00:00:00.000131 main     Host RAM: 31895MB (31.1GB) total, 30079MB (29.3GB) available
00:00:00.000133 main     Executable: /usr/lib/virtualbox/VBoxSVC
00:00:00.000133 main     Process ID: 11278
00:00:00.000133 main     Package type: LINUX_64BITS_GENERIC (OSE)
00:00:00.001042 main     IPC socket path: /tmp/.vbox-dlee-ipc/ipcd
00:00:00.106507 nspr-2   VirtualBox: object creation starts
00:00:00.106678 nspr-2   Home directory: '/home/dlee/.config/VirtualBox'
00:00:00.118682 nspr-2   NAT: resolv.conf: nameserver 192.168.71.90
00:00:00.118693 nspr-2   HostDnsMonitor::updateInfo
00:00:00.118700 nspr-2   HostDnsMonitor: old information
00:00:00.118702 nspr-2     no server entries
00:00:00.118704 nspr-2     no domain set
00:00:00.118705 nspr-2     no search string entries
00:00:00.118706 nspr-2   HostDnsMonitor: new information
00:00:00.118708 nspr-2     server 1: 192.168.71.90
00:00:00.118709 nspr-2     domain: hq.motionlogic.de
00:00:00.118711 nspr-2     search string 1: hq.motionlogic.de
00:00:00.119775 nspr-2   Failed to open "/dev/vboxdrvu", errno=2, rc=VERR_VM_DRIVER_NOT_INSTALLED
00:00:00.119864 nspr-2   VD: VDInit finished with VINF_SUCCESS
00:00:00.119901 nspr-2   ERROR [COM]: aRC=NS_ERROR_FAILURE (0x80004005) aIID={d55176e5-6730-4e9e-fc1f-a59b1f44f78f} aComponent={SystemPropertiesWrap} aText={Cannot determine default Guest Additions ISO location. Most likely they are not available}, preserve=false aResultDetail=0
00:00:00.120199 nspr-2   VirtualBox: object created
00:00:00.145876 createClone ERROR [COM]: aRC=VBOX_E_FILE_ERROR (0x80bb0004) aIID={ad47ad09-787b-44ab-b343-a082a3f2dfb1} aComponent={MediumWrap} aText={Could not create the clone medium '/mnt/sdb2/motionlogic.img'.
00:00:00.145895 createClone Raw: cannot create image '/mnt/sdb2/motionlogic.img' (VERR_ACCESS_DENIED)}, preserve=false aResultDetail=-38
00:00:05.156900 main     VirtualBox: object deletion starts
00:00:05.623386 Watcher  ERROR [COM]: aRC=E_ACCESSDENIED (0x80070005) aIID={d0a0163f-e254-4e5b-a1f2-011cf991c38d} aComponent={VirtualBoxWrap} aText={The object is not ready}, preserve=false aResultDetail=0
00:00:10.158446 main     {00007f1f70017390} HostPowerServiceLinux::~HostPowerServiceLinux: RTThreadWait() for 5000 ms failed with VERR_TIMEOUT
00:00:10.159005 main     VirtualBox: object deleted
